[ 2024-06-08 16:53:30,481 ] 23 root - INFO - Data Ingestion method starts
[ 2024-06-08 16:53:31,812 ] 27 root - INFO - Dataset read as pandas Dataframe
[ 2024-06-08 16:53:45,247 ] 33 root - INFO - Train test split
[ 2024-06-08 16:53:54,151 ] 39 root - INFO - Ingestion of the Data is completed
[ 2024-06-08 16:53:54,552 ] 84 root - INFO - Reading train and test data
[ 2024-06-08 16:53:56,659 ] 88 root - INFO - Read train and test data sucessfully
[ 2024-06-08 16:53:56,758 ] 89 root - INFO - Train DataFrame Head:
       id  carat        cut color clarity  depth  table     x     y     z  price
0   11504   0.41      Ideal     E    VVS2   60.6   56.0  4.85  4.80  2.93   1181
1   95284   1.23  Very Good     H     VS1   59.9   59.0  6.91  7.01  4.19   7418
2  184777   1.70    Premium     H     VS2   62.0   58.0  7.61  7.66  4.74  12755
3    5419   0.33      Ideal     F    VVS1   61.2   56.0  4.47  4.44  2.73   1020
4   45466   0.33  Very Good     I     SI1   62.1   58.0  4.41  4.45  2.75    445
[ 2024-06-08 16:53:56,775 ] 90 root - INFO - Test DataFrame Head:
       id  carat        cut color clarity  depth  table     x     y     z  price
0   14868   0.50      Ideal     D     SI1   62.1   57.0  5.05  5.08  3.14   1355
1  165613   2.00  Very Good     G     SI2   59.5   57.0  8.08  8.15  4.89  14691
2   96727   0.27    Premium     E    VVS1   60.5   59.0  4.19  4.16  2.52    844
3  145593   0.32    Premium     I    VVS1   61.2   59.0  4.43  4.44  2.71    707
4  118689   1.19      Ideal     H     SI1   62.5   56.0  6.77  6.81  4.23   5797
[ 2024-06-08 16:53:56,775 ] 92 root - INFO - Now we'll Obtain object of preprocessor from fn: get_data_transformation_object
[ 2024-06-08 16:53:56,775 ] 36 root - INFO - Data Transformation initiated
[ 2024-06-08 16:53:56,775 ] 38 root - INFO - Definning categorical and numerical column
[ 2024-06-08 16:53:56,776 ] 43 root - INFO - Definning custom ranking for categorical_cols
[ 2024-06-08 16:53:56,776 ] 48 root - INFO - Initiating Numerical Pipeline
[ 2024-06-08 16:53:56,776 ] 56 root - INFO - Initiate Categorical Pipeline
[ 2024-06-08 16:53:56,776 ] 65 root - INFO - Initiate Column transformation to combine both pipelines and return a preprocessor
[ 2024-06-08 16:53:56,776 ] 71 root - INFO - Data transformation pipeline complete
[ 2024-06-08 16:53:56,776 ] 100 root - INFO - splitting the train and test data into independent and dependent features
[ 2024-06-08 16:53:56,840 ] 108 root - INFO - Applying the transformation
[ 2024-06-08 16:53:58,279 ] 113 root - INFO - Concatinating train and test input_features_arr with target_feature_arr
[ 2024-06-08 16:53:58,307 ] 118 root - INFO - Saving of processor.pkl file started
[ 2024-06-08 16:53:58,430 ] 123 root - INFO - Processor.pkl is created and saved
