[ 2024-06-09 18:42:37,757 ] 26 root - INFO - Data Ingestion method starts
[ 2024-06-09 18:42:38,293 ] 30 root - INFO - Dataset read as pandas Dataframe
[ 2024-06-09 18:42:41,148 ] 36 root - INFO - Train test split
[ 2024-06-09 18:42:45,595 ] 42 root - INFO - Ingestion of the Data is completed
[ 2024-06-09 18:42:45,605 ] 85 root - INFO - Reading train and test data
[ 2024-06-09 18:42:46,150 ] 89 root - INFO - Read train and test data sucessfully
[ 2024-06-09 18:42:46,163 ] 90 root - INFO - Train DataFrame Head:
       id  carat        cut color clarity  depth  table     x     y     z  price
0   11504   0.41      Ideal     E    VVS2   60.6   56.0  4.85  4.80  2.93   1181
1   95284   1.23  Very Good     H     VS1   59.9   59.0  6.91  7.01  4.19   7418
2  184777   1.70    Premium     H     VS2   62.0   58.0  7.61  7.66  4.74  12755
3    5419   0.33      Ideal     F    VVS1   61.2   56.0  4.47  4.44  2.73   1020
4   45466   0.33  Very Good     I     SI1   62.1   58.0  4.41  4.45  2.75    445
[ 2024-06-09 18:42:46,175 ] 91 root - INFO - Test DataFrame Head:
       id  carat        cut color clarity  depth  table     x     y     z  price
0   14868   0.50      Ideal     D     SI1   62.1   57.0  5.05  5.08  3.14   1355
1  165613   2.00  Very Good     G     SI2   59.5   57.0  8.08  8.15  4.89  14691
2   96727   0.27    Premium     E    VVS1   60.5   59.0  4.19  4.16  2.52    844
3  145593   0.32    Premium     I    VVS1   61.2   59.0  4.43  4.44  2.71    707
4  118689   1.19      Ideal     H     SI1   62.5   56.0  6.77  6.81  4.23   5797
[ 2024-06-09 18:42:46,175 ] 93 root - INFO - Now we'll Obtain object of preprocessor from fn: get_data_transformation_object
[ 2024-06-09 18:42:46,175 ] 37 root - INFO - Data Transformation initiated
[ 2024-06-09 18:42:46,176 ] 39 root - INFO - Definning categorical and numerical column
[ 2024-06-09 18:42:46,176 ] 44 root - INFO - Definning custom ranking for categorical_cols
[ 2024-06-09 18:42:46,176 ] 49 root - INFO - Initiating Numerical Pipeline
[ 2024-06-09 18:42:46,176 ] 57 root - INFO - Initiate Categorical Pipeline
[ 2024-06-09 18:42:46,176 ] 66 root - INFO - Initiate Column transformation to combine both pipelines and return a preprocessor
[ 2024-06-09 18:42:46,176 ] 72 root - INFO - Data transformation pipeline complete
[ 2024-06-09 18:42:46,176 ] 101 root - INFO - splitting the train and test data into independent and dependent features
[ 2024-06-09 18:42:46,194 ] 109 root - INFO - Applying the transformation
[ 2024-06-09 18:42:46,922 ] 114 root - INFO - Concatinating train and test input_features_arr with target_feature_arr
[ 2024-06-09 18:42:46,941 ] 119 root - INFO - Saving of processor.pkl file started
[ 2024-06-09 18:42:46,941 ] 15 root - INFO - save_object fn start
[ 2024-06-09 18:42:46,944 ] 124 root - INFO - processor.pkl is created and saved
[ 2024-06-09 18:42:46,953 ] 27 root - INFO - splitting Independent and Dependent variables from Train and Test data
[ 2024-06-09 18:42:46,954 ] 35 root - INFO - Creating Training model
[ 2024-06-09 18:42:46,954 ] 44 root - INFO - Model evaluation start
[ 2024-06-09 18:42:46,954 ] 30 root - INFO - evaluate_model fn start
[ 2024-06-09 18:42:46,954 ] 34 root - INFO - Train Model
[ 2024-06-09 18:42:47,072 ] 37 root - INFO - Test Model
[ 2024-06-09 18:42:47,077 ] 40 root - INFO - Getting R2 score
[ 2024-06-09 18:42:47,083 ] 34 root - INFO - Train Model
[ 2024-06-09 18:42:49,523 ] 37 root - INFO - Test Model
[ 2024-06-09 18:42:49,526 ] 40 root - INFO - Getting R2 score
[ 2024-06-09 18:42:49,532 ] 34 root - INFO - Train Model
[ 2024-06-09 18:42:49,588 ] 37 root - INFO - Test Model
[ 2024-06-09 18:42:49,591 ] 40 root - INFO - Getting R2 score
[ 2024-06-09 18:42:49,597 ] 34 root - INFO - Train Model
[ 2024-06-09 18:42:49,855 ] 37 root - INFO - Test Model
[ 2024-06-09 18:42:49,859 ] 40 root - INFO - Getting R2 score
[ 2024-06-09 18:42:49,865 ] 34 root - INFO - Train Model
[ 2024-06-09 18:42:53,783 ] 37 root - INFO - Test Model
[ 2024-06-09 18:42:53,838 ] 40 root - INFO - Getting R2 score
[ 2024-06-09 18:42:53,844 ] 46 root - INFO - Model Report : {'LinearRegration': 0.9362906819996047, 'Lasso': 0.9362869814082755, 'Ridge': 0.9362900967491616, 'Elasticnet': 0.8544967219374031, 'DecisionTree': 0.9552910730509165}
[ 2024-06-09 18:42:53,844 ] 47 root - INFO - 
====================================================================================

[ 2024-06-09 18:42:53,844 ] 49 root - INFO - getting best model score from dictionary
[ 2024-06-09 18:42:53,844 ] 58 root - INFO - Best Model Found , Model Name : DecisionTree , R2 Score : 0.9552910730509165
[ 2024-06-09 18:42:53,845 ] 59 root - INFO - 
====================================================================================

[ 2024-06-09 18:42:53,845 ] 61 root - INFO - saving of model.pkl has started
[ 2024-06-09 18:42:53,845 ] 15 root - INFO - save_object fn start
[ 2024-06-09 18:42:53,875 ] 67 root - INFO - model.pkl is created and saved sucessfully
